2024-02-14 20:57:42,102 [main] INFO  org.testing.stepdefinition.HooksClass - Execution started
2024-02-14 20:57:58,715 [main] INFO  org.testing.commonutills.Commonutills -  Chrome Browser Lanuched
2024-02-14 20:58:01,914 [main] INFO  org.testing.stepdefinition.LoginPage - https://adactinhotelapp.com/HotelAppBuild2
2024-02-14 20:58:35,165 [main] INFO  org.testing.commonutills.Commonutills - Your Order id is : 20C843EWQ9
2024-02-14 20:58:36,639 [main] INFO  org.testing.stepdefinition.HooksClass - Execution Finished
2024-02-14 20:58:37,238 [main] INFO  org.testing.stepdefinition.HooksClass - Execution started
2024-02-14 20:58:40,260 [main] INFO  org.testing.commonutills.Commonutills -  Chrome Browser Lanuched
2024-02-14 20:58:44,884 [main] INFO  org.testing.stepdefinition.LoginPage - https://adactinhotelapp.com/HotelAppBuild2
2024-02-14 20:59:18,952 [main] INFO  org.testing.commonutills.Commonutills - Your Order id is : 20C843EWQ9
2024-02-14 20:59:20,365 [main] INFO  org.testing.stepdefinition.HooksClass - Execution Finished
2024-02-14 23:01:50,604 [main] INFO  org.testing.stepdefinition.HooksClass - Execution started
2024-02-14 23:02:04,829 [main] INFO  org.testing.commonutills.Commonutills -  Chrome Browser Lanuched
2024-02-14 23:02:16,280 [main] INFO  org.testing.stepdefinition.LoginPage - https://adactinhotelapp.com/HotelAppBuild2
2024-02-14 23:02:59,732 [main] INFO  org.testing.commonutills.Commonutills - Your Order id is : 20C843EWQ9
2024-02-14 23:03:02,104 [main] INFO  org.testing.stepdefinition.HooksClass - Execution Finished
2024-02-14 23:03:03,110 [main] INFO  org.testing.stepdefinition.HooksClass - Execution started
2024-02-14 23:03:08,095 [main] INFO  org.testing.commonutills.Commonutills -  Chrome Browser Lanuched
2024-02-14 23:03:13,226 [main] INFO  org.testing.stepdefinition.LoginPage - https://adactinhotelapp.com/HotelAppBuild2
2024-02-14 23:03:47,385 [main] INFO  org.testing.commonutills.Commonutills - Your Order id is : 20C843EWQ9
2024-02-14 23:03:48,549 [main] INFO  org.testing.stepdefinition.HooksClass - Execution Finished
2024-02-14 23:08:57,022 [main] INFO  org.testing.stepdefinition.HooksClass - Execution started
2024-02-14 23:09:13,835 [main] INFO  org.testing.commonutills.Commonutills -  Chrome Browser Lanuched
2024-02-14 23:09:17,131 [main] INFO  org.testing.stepdefinition.LoginPage - https://adactinhotelapp.com/HotelAppBuild2
2024-02-14 23:09:53,214 [main] INFO  org.testing.commonutills.Commonutills - Your Order id is : 20C843EWQ9
2024-02-14 23:09:54,472 [main] INFO  org.testing.stepdefinition.HooksClass - Execution Finished
2024-02-14 23:17:36,511 [main] INFO  org.testing.stepdefinition.HooksClass - Execution started
2024-02-14 23:17:48,540 [main] INFO  org.testing.commonutills.Commonutills -  Chrome Browser Lanuched
2024-02-14 23:17:51,973 [main] INFO  org.testing.stepdefinition.HooksClass - Execution Finished
2024-02-14 23:22:20,528 [main] INFO  org.testing.stepdefinition.HooksClass - Execution started
2024-02-14 23:22:36,163 [main] INFO  org.testing.commonutills.Commonutills -  Chrome Browser Lanuched
2024-02-14 23:22:39,136 [main] INFO  org.testing.stepdefinition.HooksClass - Execution Finished
2024-02-14 23:31:23,421 [main] INFO  org.testing.stepdefinition.HooksClass - Execution started
2024-02-14 23:31:36,525 [main] INFO  org.testing.commonutills.Commonutills -  Chrome Browser Lanuched
2024-02-14 23:31:42,854 [main] INFO  org.testing.stepdefinition.LoginPage - https://adactinhotelapp.com/HotelAppBuild2
2024-02-14 23:32:02,621 [main] INFO  org.testing.stepdefinition.HooksClass - Execution Finished
2024-02-14 23:46:54,060 [main] INFO  org.testing.stepdefinition.HooksClass - Execution started
2024-02-14 23:47:06,971 [main] INFO  org.testing.commonutills.Commonutills -  Chrome Browser Lanuched
2024-02-14 23:47:10,636 [main] INFO  org.testing.stepdefinition.LoginPage - https://adactinhotelapp.com/HotelAppBuild2
2024-02-14 23:47:48,209 [main] INFO  org.testing.commonutills.Commonutills - Your Order id is : 20C843EWQ9
2024-02-14 23:47:49,646 [main] INFO  org.testing.stepdefinition.HooksClass - Execution Finished
2024-02-14 23:55:22,776 [main] INFO  org.testing.stepdefinition.HooksClass - Execution started
2024-02-14 23:55:36,586 [main] INFO  org.testing.commonutills.Commonutills -  Chrome Browser Lanuched
2024-02-14 23:55:40,093 [main] INFO  org.testing.stepdefinition.LoginPage - https://adactinhotelapp.com/HotelAppBuild2
2024-02-14 23:56:22,083 [main] INFO  org.testing.commonutills.Commonutills - Your Order id is : 20C843EWQ9
2024-02-14 23:56:23,526 [main] INFO  org.testing.stepdefinition.HooksClass - Execution Finished
2024-02-15 10:23:56,607 [main] INFO  org.testing.stepdefinition.HooksClass - Execution started
2024-02-15 10:24:23,688 [main] INFO  org.testing.commonutills.Commonutills -  Chrome Browser Lanuched
2024-02-15 10:24:41,618 [main] INFO  org.testing.stepdefinition.LoginPage - https://adactinhotelapp.com/HotelAppBuild2
2024-02-15 10:25:28,569 [main] INFO  org.testing.commonutills.Commonutills - Your Order id is : 20C843EWQ9
2024-02-15 10:25:30,824 [main] INFO  org.testing.stepdefinition.HooksClass - Execution Finished
2024-02-15 10:30:00,946 [main] INFO  org.testing.stepdefinition.HooksClass - Execution started
2024-02-15 10:30:30,561 [main] INFO  org.testing.commonutills.Commonutills -  Chrome Browser Lanuched
2024-02-15 10:30:52,501 [main] INFO  org.testing.stepdefinition.LoginPage - https://www.lufthansa.com/in/en/homepage
2024-02-15 10:30:56,649 [main] INFO  org.testing.stepdefinition.HooksClass - Execution Finished
2024-02-15 10:30:59,778 [main] INFO  org.testing.stepdefinition.HooksClass - Execution started
2024-02-15 10:31:06,890 [main] INFO  org.testing.commonutills.Commonutills -  Chrome Browser Lanuched
2024-02-15 10:31:15,611 [main] INFO  org.testing.stepdefinition.LoginPage - https://adactinhotelapp.com/HotelAppBuild2
2024-02-15 10:31:19,530 [main] INFO  org.testing.stepdefinition.HooksClass - Execution Finished
2024-02-15 10:31:21,096 [main] INFO  org.testing.stepdefinition.HooksClass - Execution started
2024-02-15 10:31:24,694 [main] INFO  org.testing.commonutills.Commonutills -  Chrome Browser Lanuched
2024-02-15 10:31:28,926 [main] INFO  org.testing.stepdefinition.LoginPage - https://www.swiss.com/in/en/homepage
2024-02-15 10:31:51,982 [main] INFO  org.testing.stepdefinition.HooksClass - Execution Finished
2024-02-15 10:35:02,654 [main] INFO  org.testing.stepdefinition.HooksClass - Execution started
2024-02-15 10:35:36,498 [main] INFO  org.testing.commonutills.Commonutills -  Chrome Browser Lanuched
2024-02-15 10:35:40,526 [main] INFO  org.testing.stepdefinition.LoginPage - https://adactinhotelapp.com/HotelAppBuild2
2024-02-15 10:36:16,634 [main] INFO  org.testing.commonutills.Commonutills - Your Order id is : 20C843EWQ9
2024-02-15 10:36:18,386 [main] INFO  org.testing.stepdefinition.HooksClass - Execution Finished
2024-02-15 10:43:48,996 [main] INFO  org.testing.stepdefinition.HooksClass - Execution started
2024-02-15 10:44:25,084 [main] INFO  org.testing.commonutills.Commonutills -  Chrome Browser Lanuched
2024-02-15 10:44:28,380 [main] INFO  org.testing.stepdefinition.LoginPage - https://adactinhotelapp.com/HotelAppBuild2
2024-02-15 10:45:08,372 [main] INFO  org.testing.commonutills.Commonutills - Your Order id is : 20C843EWQ9
2024-02-15 10:45:09,817 [main] INFO  org.testing.stepdefinition.HooksClass - Execution Finished
2024-02-15 19:06:24,651 [main] INFO  org.testing.stepdefinition.HooksClass - Execution started
2024-02-15 19:06:24,730 [main] INFO  org.testing.stepdefinition.HooksClass - Execution Finished
2024-02-15 19:08:42,851 [main] INFO  org.testing.stepdefinition.HooksClass - Execution started
2024-02-15 19:09:23,296 [main] INFO  org.testing.stepdefinition.LoginPage - https://adactinhotelapp.com/HotelAppBuild2
2024-02-15 19:09:36,563 [main] INFO  org.testing.stepdefinition.HotelSelectPage - no such element: Unable to locate element: {"method":"xpath","selector":"//select[@name='location']"}
  (Session info: chrome=121.0.6167.161)
For documentation on this error, please visit: https://www.seleniumhq.org/exceptions/no_such_element.html
Build info: version: '3.141.59', revision: 'e82be7d358', time: '2018-11-14T08:17:03'
System info: host: 'SIVAKUMAR-PC', ip: '192.168.1.6', os.name: 'Windows 10', os.arch: 'amd64', os.version: '10.0', java.version: '17.0.8.1'
Driver info: org.openqa.selenium.chrome.ChromeDriver
Capabilities {acceptInsecureCerts: false, browserName: chrome, browserVersion: 121.0.6167.161, chrome: {chromedriverVersion: 121.0.6167.184 (057a8ae7deb..., userDataDir: C:\Users\Siva\AppData\Local...}, fedcm:accounts: true, goog:chromeOptions: {debuggerAddress: localhost:56178}, javascriptEnabled: true, networkConnectionEnabled: false, pageLoadStrategy: normal, platform: WINDOWS, platformName: WINDOWS, proxy: Proxy(), setWindowRect: true, strictFileInteractability: false, timeouts: {implicit: 0, pageLoad: 300000, script: 30000}, unhandledPromptBehavior: dismiss and notify, webauthn:extension:credBlob: true, webauthn:extension:largeBlob: true, webauthn:extension:minPinLength: true, webauthn:extension:prf: true, webauthn:virtualAuthenticators: true}
Session ID: 1ce531df5328524b5678cdbeb96fcd24
*** Element info: {Using=xpath, value=//select[@name='location']}
2024-02-15 19:09:47,063 [main] INFO  org.testing.stepdefinition.PaymentPage - no such element: Unable to locate element: {"method":"css selector","selector":"#first_name"}
  (Session info: chrome=121.0.6167.161)
For documentation on this error, please visit: https://www.seleniumhq.org/exceptions/no_such_element.html
Build info: version: '3.141.59', revision: 'e82be7d358', time: '2018-11-14T08:17:03'
System info: host: 'SIVAKUMAR-PC', ip: '192.168.1.6', os.name: 'Windows 10', os.arch: 'amd64', os.version: '10.0', java.version: '17.0.8.1'
Driver info: org.openqa.selenium.chrome.ChromeDriver
Capabilities {acceptInsecureCerts: false, browserName: chrome, browserVersion: 121.0.6167.161, chrome: {chromedriverVersion: 121.0.6167.184 (057a8ae7deb..., userDataDir: C:\Users\Siva\AppData\Local...}, fedcm:accounts: true, goog:chromeOptions: {debuggerAddress: localhost:56178}, javascriptEnabled: true, networkConnectionEnabled: false, pageLoadStrategy: normal, platform: WINDOWS, platformName: WINDOWS, proxy: Proxy(), setWindowRect: true, strictFileInteractability: false, timeouts: {implicit: 0, pageLoad: 300000, script: 30000}, unhandledPromptBehavior: dismiss and notify, webauthn:extension:credBlob: true, webauthn:extension:largeBlob: true, webauthn:extension:minPinLength: true, webauthn:extension:prf: true, webauthn:virtualAuthenticators: true}
Session ID: 1ce531df5328524b5678cdbeb96fcd24
*** Element info: {Using=id, value=first_name}
2024-02-15 19:09:57,572 [main] INFO  org.testing.stepdefinition.BookingConfirmationPage - no such element: Unable to locate element: {"method":"css selector","selector":"#my_itinerary"}
  (Session info: chrome=121.0.6167.161)
For documentation on this error, please visit: https://www.seleniumhq.org/exceptions/no_such_element.html
Build info: version: '3.141.59', revision: 'e82be7d358', time: '2018-11-14T08:17:03'
System info: host: 'SIVAKUMAR-PC', ip: '192.168.1.6', os.name: 'Windows 10', os.arch: 'amd64', os.version: '10.0', java.version: '17.0.8.1'
Driver info: org.openqa.selenium.chrome.ChromeDriver
Capabilities {acceptInsecureCerts: false, browserName: chrome, browserVersion: 121.0.6167.161, chrome: {chromedriverVersion: 121.0.6167.184 (057a8ae7deb..., userDataDir: C:\Users\Siva\AppData\Local...}, fedcm:accounts: true, goog:chromeOptions: {debuggerAddress: localhost:56178}, javascriptEnabled: true, networkConnectionEnabled: false, pageLoadStrategy: normal, platform: WINDOWS, platformName: WINDOWS, proxy: Proxy(), setWindowRect: true, strictFileInteractability: false, timeouts: {implicit: 0, pageLoad: 300000, script: 30000}, unhandledPromptBehavior: dismiss and notify, webauthn:extension:credBlob: true, webauthn:extension:largeBlob: true, webauthn:extension:minPinLength: true, webauthn:extension:prf: true, webauthn:virtualAuthenticators: true}
Session ID: 1ce531df5328524b5678cdbeb96fcd24
*** Element info: {Using=id, value=my_itinerary}
2024-02-15 19:09:58,107 [main] INFO  org.testing.stepdefinition.HooksClass - Execution Finished
2024-02-15 19:18:43,016 [main] INFO  org.testing.stepdefinition.HooksClass - Execution started
2024-02-15 19:19:27,006 [main] INFO  org.testing.stepdefinition.LoginPage - https://adactinhotelapp.com/HotelAppBuild2
2024-02-15 19:19:40,263 [main] INFO  org.testing.stepdefinition.HotelSelectPage - no such element: Unable to locate element: {"method":"xpath","selector":"//select[@name='location']"}
  (Session info: chrome=121.0.6167.161)
For documentation on this error, please visit: https://www.seleniumhq.org/exceptions/no_such_element.html
Build info: version: '3.141.59', revision: 'e82be7d358', time: '2018-11-14T08:17:03'
System info: host: 'SIVAKUMAR-PC', ip: '192.168.1.6', os.name: 'Windows 10', os.arch: 'amd64', os.version: '10.0', java.version: '17.0.8.1'
Driver info: org.openqa.selenium.chrome.ChromeDriver
Capabilities {acceptInsecureCerts: false, browserName: chrome, browserVersion: 121.0.6167.161, chrome: {chromedriverVersion: 121.0.6167.184 (057a8ae7deb..., userDataDir: C:\Users\Siva\AppData\Local...}, fedcm:accounts: true, goog:chromeOptions: {debuggerAddress: localhost:65242}, javascriptEnabled: true, networkConnectionEnabled: false, pageLoadStrategy: normal, platform: WINDOWS, platformName: WINDOWS, proxy: Proxy(), setWindowRect: true, strictFileInteractability: false, timeouts: {implicit: 0, pageLoad: 300000, script: 30000}, unhandledPromptBehavior: dismiss and notify, webauthn:extension:credBlob: true, webauthn:extension:largeBlob: true, webauthn:extension:minPinLength: true, webauthn:extension:prf: true, webauthn:virtualAuthenticators: true}
Session ID: 1f7f60c6c87188ccb1b0b9ec5e4b67f0
*** Element info: {Using=xpath, value=//select[@name='location']}
2024-02-15 19:19:50,750 [main] INFO  org.testing.stepdefinition.PaymentPage - no such element: Unable to locate element: {"method":"css selector","selector":"#first_name"}
  (Session info: chrome=121.0.6167.161)
For documentation on this error, please visit: https://www.seleniumhq.org/exceptions/no_such_element.html
Build info: version: '3.141.59', revision: 'e82be7d358', time: '2018-11-14T08:17:03'
System info: host: 'SIVAKUMAR-PC', ip: '192.168.1.6', os.name: 'Windows 10', os.arch: 'amd64', os.version: '10.0', java.version: '17.0.8.1'
Driver info: org.openqa.selenium.chrome.ChromeDriver
Capabilities {acceptInsecureCerts: false, browserName: chrome, browserVersion: 121.0.6167.161, chrome: {chromedriverVersion: 121.0.6167.184 (057a8ae7deb..., userDataDir: C:\Users\Siva\AppData\Local...}, fedcm:accounts: true, goog:chromeOptions: {debuggerAddress: localhost:65242}, javascriptEnabled: true, networkConnectionEnabled: false, pageLoadStrategy: normal, platform: WINDOWS, platformName: WINDOWS, proxy: Proxy(), setWindowRect: true, strictFileInteractability: false, timeouts: {implicit: 0, pageLoad: 300000, script: 30000}, unhandledPromptBehavior: dismiss and notify, webauthn:extension:credBlob: true, webauthn:extension:largeBlob: true, webauthn:extension:minPinLength: true, webauthn:extension:prf: true, webauthn:virtualAuthenticators: true}
Session ID: 1f7f60c6c87188ccb1b0b9ec5e4b67f0
*** Element info: {Using=id, value=first_name}
2024-02-15 19:20:01,259 [main] INFO  org.testing.stepdefinition.BookingConfirmationPage - no such element: Unable to locate element: {"method":"css selector","selector":"#my_itinerary"}
  (Session info: chrome=121.0.6167.161)
For documentation on this error, please visit: https://www.seleniumhq.org/exceptions/no_such_element.html
Build info: version: '3.141.59', revision: 'e82be7d358', time: '2018-11-14T08:17:03'
System info: host: 'SIVAKUMAR-PC', ip: '192.168.1.6', os.name: 'Windows 10', os.arch: 'amd64', os.version: '10.0', java.version: '17.0.8.1'
Driver info: org.openqa.selenium.chrome.ChromeDriver
Capabilities {acceptInsecureCerts: false, browserName: chrome, browserVersion: 121.0.6167.161, chrome: {chromedriverVersion: 121.0.6167.184 (057a8ae7deb..., userDataDir: C:\Users\Siva\AppData\Local...}, fedcm:accounts: true, goog:chromeOptions: {debuggerAddress: localhost:65242}, javascriptEnabled: true, networkConnectionEnabled: false, pageLoadStrategy: normal, platform: WINDOWS, platformName: WINDOWS, proxy: Proxy(), setWindowRect: true, strictFileInteractability: false, timeouts: {implicit: 0, pageLoad: 300000, script: 30000}, unhandledPromptBehavior: dismiss and notify, webauthn:extension:credBlob: true, webauthn:extension:largeBlob: true, webauthn:extension:minPinLength: true, webauthn:extension:prf: true, webauthn:virtualAuthenticators: true}
Session ID: 1f7f60c6c87188ccb1b0b9ec5e4b67f0
*** Element info: {Using=id, value=my_itinerary}
2024-02-15 19:20:01,635 [main] INFO  org.testing.stepdefinition.HooksClass - Execution Finished
2024-02-15 19:23:06,978 [main] INFO  org.testing.stepdefinition.HooksClass - Execution started
2024-02-15 19:23:32,201 [main] INFO  org.testing.stepdefinition.LoginPage - https://adactinhotelapp.com/HotelAppBuild2
2024-02-15 19:23:45,566 [main] INFO  org.testing.stepdefinition.HotelSelectPage - Hotel select page error
2024-02-15 19:23:56,136 [main] INFO  org.testing.stepdefinition.PaymentPage - no such element: Unable to locate element: {"method":"css selector","selector":"#first_name"}
  (Session info: chrome=121.0.6167.161)
For documentation on this error, please visit: https://www.seleniumhq.org/exceptions/no_such_element.html
Build info: version: '3.141.59', revision: 'e82be7d358', time: '2018-11-14T08:17:03'
System info: host: 'SIVAKUMAR-PC', ip: '192.168.1.6', os.name: 'Windows 10', os.arch: 'amd64', os.version: '10.0', java.version: '17.0.8.1'
Driver info: org.openqa.selenium.chrome.ChromeDriver
Capabilities {acceptInsecureCerts: false, browserName: chrome, browserVersion: 121.0.6167.161, chrome: {chromedriverVersion: 121.0.6167.184 (057a8ae7deb..., userDataDir: C:\Users\Siva\AppData\Local...}, fedcm:accounts: true, goog:chromeOptions: {debuggerAddress: localhost:65306}, javascriptEnabled: true, networkConnectionEnabled: false, pageLoadStrategy: normal, platform: WINDOWS, platformName: WINDOWS, proxy: Proxy(), setWindowRect: true, strictFileInteractability: false, timeouts: {implicit: 0, pageLoad: 300000, script: 30000}, unhandledPromptBehavior: dismiss and notify, webauthn:extension:credBlob: true, webauthn:extension:largeBlob: true, webauthn:extension:minPinLength: true, webauthn:extension:prf: true, webauthn:virtualAuthenticators: true}
Session ID: f6f097492045ffe6a783c0b691614241
*** Element info: {Using=id, value=first_name}
2024-02-15 19:24:06,743 [main] INFO  org.testing.stepdefinition.BookingConfirmationPage - no such element: Unable to locate element: {"method":"css selector","selector":"#my_itinerary"}
  (Session info: chrome=121.0.6167.161)
For documentation on this error, please visit: https://www.seleniumhq.org/exceptions/no_such_element.html
Build info: version: '3.141.59', revision: 'e82be7d358', time: '2018-11-14T08:17:03'
System info: host: 'SIVAKUMAR-PC', ip: '192.168.1.6', os.name: 'Windows 10', os.arch: 'amd64', os.version: '10.0', java.version: '17.0.8.1'
Driver info: org.openqa.selenium.chrome.ChromeDriver
Capabilities {acceptInsecureCerts: false, browserName: chrome, browserVersion: 121.0.6167.161, chrome: {chromedriverVersion: 121.0.6167.184 (057a8ae7deb..., userDataDir: C:\Users\Siva\AppData\Local...}, fedcm:accounts: true, goog:chromeOptions: {debuggerAddress: localhost:65306}, javascriptEnabled: true, networkConnectionEnabled: false, pageLoadStrategy: normal, platform: WINDOWS, platformName: WINDOWS, proxy: Proxy(), setWindowRect: true, strictFileInteractability: false, timeouts: {implicit: 0, pageLoad: 300000, script: 30000}, unhandledPromptBehavior: dismiss and notify, webauthn:extension:credBlob: true, webauthn:extension:largeBlob: true, webauthn:extension:minPinLength: true, webauthn:extension:prf: true, webauthn:virtualAuthenticators: true}
Session ID: f6f097492045ffe6a783c0b691614241
*** Element info: {Using=id, value=my_itinerary}
2024-02-15 19:24:07,068 [main] INFO  org.testing.stepdefinition.HooksClass - Execution Finished
2024-02-15 19:34:14,508 [main] INFO  org.testing.stepdefinition.HooksClass - Execution started
2024-02-15 19:34:44,875 [main] INFO  org.testing.stepdefinition.LoginPage - https://adactinhotelapp.com/HotelAppBuild2
2024-02-15 19:34:58,956 [main] INFO  org.testing.stepdefinition.HooksClass - Execution Finished
2024-02-15 20:10:38,909 [main] INFO  org.testing.stepdefinition.HooksClass - Execution started
2024-02-15 20:11:08,246 [main] INFO  org.testing.stepdefinition.LoginPage - https://adactinhotelapp.com/HotelAppBuild2
2024-02-15 20:11:08,247 [main] INFO  org.testing.stepdefinition.LoginPage - Apllication is not Lancuhed
2024-02-15 20:11:57,793 [main] INFO  org.testing.commonutills.Commonutills - Your Order id is : SU5G795F94
2024-02-15 20:11:59,659 [main] INFO  org.testing.stepdefinition.HooksClass - Execution Finished
2024-02-15 21:04:13,094 [main] INFO  org.testing.stepdefinition.HooksClass - Execution started
2024-02-15 21:05:56,704 [main] INFO  org.testing.stepdefinition.HooksClass - Execution Finished
2024-02-28 17:51:28,324 [main] INFO  org.testing.stepdefinition.HooksClass - Execution started
2024-02-28 17:56:16,698 [main] INFO  org.testing.stepdefinition.HooksClass - Execution started
2024-02-28 17:56:38,359 [main] INFO  org.testing.stepdefinition.HooksClass - Execution Finished
2024-02-28 17:57:12,999 [main] INFO  org.testing.stepdefinition.HooksClass - Execution started
2024-02-28 17:57:24,925 [main] INFO  org.testing.stepdefinition.HooksClass - Execution Finished
2024-02-28 18:00:07,470 [main] INFO  org.testing.stepdefinition.HooksClass - Execution started
2024-02-28 18:00:37,810 [main] INFO  org.testing.stepdefinition.HooksClass - Execution Finished
2024-02-28 18:01:44,761 [main] INFO  org.testing.stepdefinition.HooksClass - Execution started
2024-02-28 18:02:16,733 [main] INFO  org.testing.stepdefinition.LoginPage - https://adactinhotelapp.com/HotelAppBuild2
2024-02-28 18:02:16,734 [main] INFO  org.testing.stepdefinition.LoginPage - Apllication is not Lancuhed
2024-02-28 18:03:07,620 [main] INFO  org.testing.commonutills.Commonutills - Your Order id is : SU5G795F94
2024-02-28 18:03:09,043 [main] INFO  org.testing.stepdefinition.HooksClass - Execution Finished
2024-02-28 18:12:42,393 [main] INFO  org.testing.stepdefinition.HooksClass - Execution started
2024-02-28 18:13:23,652 [main] INFO  org.testing.stepdefinition.LoginPage - https://adactinhotelapp.com/HotelAppBuild2
2024-02-28 18:13:23,653 [main] INFO  org.testing.stepdefinition.LoginPage - Apllication is not Lancuhed
2024-02-28 18:13:26,462 [main] INFO  org.testing.stepdefinition.HooksClass - Execution Finished
2024-02-28 18:16:28,101 [main] INFO  org.testing.stepdefinition.HooksClass - Execution started
2024-02-28 18:16:47,005 [main] INFO  org.testing.stepdefinition.LoginPage - https://adactinhotelapp.com/HotelAppBuild2
2024-02-28 18:16:47,006 [main] INFO  org.testing.stepdefinition.LoginPage - Apllication is not Lancuhed
2024-02-28 18:17:43,872 [main] INFO  org.testing.stepdefinition.HooksClass - Execution started
2024-02-28 18:17:57,063 [main] INFO  org.testing.stepdefinition.LoginPage - https://adactinhotelapp.com/HotelAppBuild2
2024-02-28 18:17:57,064 [main] INFO  org.testing.stepdefinition.LoginPage - Apllication is not Lancuhed
2024-02-28 18:17:57,646 [main] INFO  org.testing.stepdefinition.HooksClass - Execution Finished
2024-03-31 11:57:41,787 [main] INFO  org.testing.stepdefinition.HooksClass - Execution started
2024-03-31 11:58:03,063 [main] INFO  org.testing.stepdefinition.HooksClass - Execution Finished
2024-03-31 11:58:35,031 [main] INFO  org.testing.stepdefinition.HooksClass - Execution started
2024-03-31 11:59:00,684 [main] INFO  org.testing.stepdefinition.LoginPage - https://adactinhotelapp.com/HotelAppBuild2
2024-03-31 11:59:00,684 [main] INFO  org.testing.stepdefinition.LoginPage - Apllication is not Lancuhed
2024-03-31 11:59:45,616 [main] INFO  org.testing.commonutills.Commonutills - Your Order id is : SU5G795F94
2024-03-31 11:59:46,939 [main] INFO  org.testing.stepdefinition.HooksClass - Execution Finished
2024-04-21 13:22:28,226 [main] INFO  org.testing.stepdefinition.HooksClass - Execution started
